<?xml version="1.0" encoding="UTF-8"?>
<robot generator="Robot 7.0 (Python 3.12.2 on win32)" generated="2024-07-15T15:55:34.179789" rpa="false" schemaversion="5">
<suite id="s1" name="Tests" source="D:\BELAJAR AUTOMATION\web-automation\Tests">
<suite id="s1-s1" name="Detikcom" source="D:\BELAJAR AUTOMATION\web-automation\Tests\detikcom.robot">
<test id="s1-s1-t1" name="Scenario: Verify user able to login to admin dashboard" line="7">
<kw name="Open Browser" owner="SeleniumLibrary">
<msg time="2024-07-15T15:55:34.663456" level="INFO">Opening browser 'firefox' to base url 'https://www.detik.com'.</msg>
<msg time="2024-07-15T15:55:43.450293" level="INFO">Cannot capture screenshot because no browser is open.</msg>
<msg time="2024-07-15T15:55:43.450293" level="FAIL">WebDriverException: Message: Process unexpectedly closed with status 0
</msg>
<arg>${DETIK_URL}</arg>
<arg>${BROWSER}</arg>
<doc>Opens a new browser instance to the optional ``url``.</doc>
<status status="FAIL" start="2024-07-15T15:55:34.663456" elapsed="8.912795">WebDriverException: Message: Process unexpectedly closed with status 0
</status>
</kw>
<kw name="Maximize Browser Window" owner="SeleniumLibrary">
<doc>Maximizes current browser window.</doc>
<status status="NOT RUN" start="2024-07-15T15:55:43.577248" elapsed="0.000000"/>
</kw>
<kw name="Sleep" owner="BuiltIn">
<arg>5s</arg>
<doc>Pauses the test executed for the given time.</doc>
<status status="NOT RUN" start="2024-07-15T15:55:43.577248" elapsed="0.000000"/>
</kw>
<kw name="Get Text" owner="SeleniumLibrary">
<arg>xpath:/html/body/div[9]/div/div[1]/div/div/article[1]/div/div[2]/h2/a/text()</arg>
<doc>Returns the text value of the element identified by ``locator``.</doc>
<status status="NOT RUN" start="2024-07-15T15:55:43.577248" elapsed="0.000000"/>
</kw>
<kw name="Sleep" owner="BuiltIn">
<arg>5s</arg>
<doc>Pauses the test executed for the given time.</doc>
<status status="NOT RUN" start="2024-07-15T15:55:43.577248" elapsed="0.000000"/>
</kw>
<kw name="Click Element" owner="SeleniumLibrary">
<arg>xpath:/html/body/div[9]/div/div[1]/div/div/article[1]/div/div[2]/h2/a/text()</arg>
<doc>Click the element identified by ``locator``.</doc>
<status status="NOT RUN" start="2024-07-15T15:55:43.577248" elapsed="0.000000"/>
</kw>
<kw name="Sleep" owner="BuiltIn">
<arg>5s</arg>
<doc>Pauses the test executed for the given time.</doc>
<status status="NOT RUN" start="2024-07-15T15:55:43.577248" elapsed="0.000000"/>
</kw>
<kw name="Close Browser" owner="SeleniumLibrary">
<doc>Closes the current browser.</doc>
<status status="NOT RUN" start="2024-07-15T15:55:43.577248" elapsed="0.000996"/>
</kw>
<tag>@detik_get_1</tag>
<status status="FAIL" start="2024-07-15T15:55:34.660496" elapsed="8.917748">WebDriverException: Message: Process unexpectedly closed with status 0
</status>
</test>
<status status="FAIL" start="2024-07-15T15:55:34.219765" elapsed="9.358479"/>
</suite>
<status status="FAIL" start="2024-07-15T15:55:34.183779" elapsed="9.395463"/>
</suite>
<statistics>
<total>
<stat pass="0" fail="1" skip="0">All Tests</stat>
</total>
<tag>
<stat pass="0" fail="1" skip="0">@detik_get_1</stat>
</tag>
<suite>
<stat pass="0" fail="1" skip="0" id="s1" name="Tests">Tests</stat>
<stat pass="0" fail="1" skip="0" id="s1-s1" name="Detikcom">Tests.Detikcom</stat>
</suite>
</statistics>
<errors>
</errors>
</robot>
